2024-08-26 00:45:19,120 DEBUG Horse: Создание Horse, имя [Bucephalus], скорость [2.4]
2024-08-26 00:45:19,120 DEBUG Horse: Создание Horse, имя [Ace of Spades], скорость [2.5]
2024-08-26 00:45:19,120 DEBUG Horse: Создание Horse, имя [Zephyr], скорость [2.6]
2024-08-26 00:45:19,120 DEBUG Horse: Создание Horse, имя [Blaze], скорость [2.7]
2024-08-26 00:45:19,120 DEBUG Horse: Создание Horse, имя [Lobster], скорость [2.8]
2024-08-26 00:45:19,120 DEBUG Horse: Создание Horse, имя [Pegasus], скорость [2.9]
2024-08-26 00:45:19,120 DEBUG Horse: Создание Horse, имя [Cherry], скорость [3.0]
2024-08-26 00:45:19,120 DEBUG Hippodrome: Создание Hippodrome, лошадей [7]
2024-08-26 00:45:19,120 INFO  Main: Начало скачек. Количество участников: 7
2024-08-26 00:45:29,337 INFO  Main: Окончание скачек. Победитель: Pegasus
2024-08-26 00:45:57,701 ERROR Hippodrome: Horses list is empty
2024-08-26 00:45:57,717 ERROR Hippodrome: Horses list is null
2024-08-26 00:45:57,810 DEBUG Hippodrome: Создание Hippodrome, лошадей [50]
2024-08-26 00:45:57,888 DEBUG Horse: Создание Horse, имя [H1], скорость [46.0]
2024-08-26 00:45:57,888 DEBUG Horse: Создание Horse, имя [H2], скорость [16.0]
2024-08-26 00:45:57,888 DEBUG Horse: Создание Horse, имя [H3], скорость [30.0]
2024-08-26 00:45:57,888 DEBUG Horse: Создание Horse, имя [H4], скорость [22.0]
2024-08-26 00:45:57,888 DEBUG Horse: Создание Horse, имя [H5], скорость [26.0]
2024-08-26 00:45:57,888 DEBUG Horse: Создание Horse, имя [H6], скорость [43.0]
2024-08-26 00:45:57,888 DEBUG Horse: Создание Horse, имя [H7], скорость [38.0]
2024-08-26 00:45:57,888 DEBUG Horse: Создание Horse, имя [H8], скорость [34.0]
2024-08-26 00:45:57,888 DEBUG Horse: Создание Horse, имя [H9], скорость [27.0]
2024-08-26 00:45:57,888 DEBUG Horse: Создание Horse, имя [H10], скорость [14.0]
2024-08-26 00:45:57,888 DEBUG Horse: Создание Horse, имя [H11], скорость [32.0]
2024-08-26 00:45:57,888 DEBUG Horse: Создание Horse, имя [H12], скорость [46.0]
2024-08-26 00:45:57,888 DEBUG Horse: Создание Horse, имя [H13], скорость [41.0]
2024-08-26 00:45:57,888 DEBUG Horse: Создание Horse, имя [H14], скорость [33.0]
2024-08-26 00:45:57,888 DEBUG Horse: Создание Horse, имя [H15], скорость [49.0]
2024-08-26 00:45:57,888 DEBUG Horse: Создание Horse, имя [H16], скорость [43.0]
2024-08-26 00:45:57,888 DEBUG Horse: Создание Horse, имя [H17], скорость [41.0]
2024-08-26 00:45:57,888 DEBUG Horse: Создание Horse, имя [H18], скорость [40.0]
2024-08-26 00:45:57,888 DEBUG Horse: Создание Horse, имя [H19], скорость [41.0]
2024-08-26 00:45:57,888 DEBUG Horse: Создание Horse, имя [H20], скорость [24.0]
2024-08-26 00:45:57,888 DEBUG Horse: Создание Horse, имя [H21], скорость [11.0]
2024-08-26 00:45:57,888 DEBUG Horse: Создание Horse, имя [H22], скорость [13.0]
2024-08-26 00:45:57,888 DEBUG Horse: Создание Horse, имя [H23], скорость [10.0]
2024-08-26 00:45:57,888 DEBUG Horse: Создание Horse, имя [H24], скорость [16.0]
2024-08-26 00:45:57,888 DEBUG Horse: Создание Horse, имя [H25], скорость [19.0]
2024-08-26 00:45:57,888 DEBUG Horse: Создание Horse, имя [H26], скорость [34.0]
2024-08-26 00:45:57,888 DEBUG Horse: Создание Horse, имя [H27], скорость [34.0]
2024-08-26 00:45:57,888 DEBUG Horse: Создание Horse, имя [H28], скорость [48.0]
2024-08-26 00:45:57,888 DEBUG Horse: Создание Horse, имя [H29], скорость [13.0]
2024-08-26 00:45:57,888 DEBUG Horse: Создание Horse, имя [H30], скорость [19.0]
2024-08-26 00:45:57,888 DEBUG Hippodrome: Создание Hippodrome, лошадей [30]
2024-08-26 00:45:57,888 DEBUG Horse: Создание Horse, имя [H1], скорость [1.0]
2024-08-26 00:45:57,888 DEBUG Horse: Создание Horse, имя [H2], скорость [2.0]
2024-08-26 00:45:57,888 DEBUG Horse: Создание Horse, имя [H3], скорость [3.0]
2024-08-26 00:45:57,888 DEBUG Horse: Создание Horse, имя [H4], скорость [4.0]
2024-08-26 00:45:57,888 DEBUG Horse: Создание Horse, имя [H5], скорость [5.0]
2024-08-26 00:45:57,888 DEBUG Hippodrome: Создание Hippodrome, лошадей [5]
2024-08-26 00:46:13,506 DEBUG Horse: Создание Horse, имя [Name], скорость [200.0]
2024-08-26 00:46:13,522 DEBUG Horse: Создание Horse, имя [Name], скорость [200.0]
2024-08-26 00:46:13,566 ERROR Horse: Name is blank
2024-08-26 00:46:13,566 ERROR Horse: Name is blank
2024-08-26 00:46:13,581 ERROR Horse: Name is blank
2024-08-26 00:46:13,581 ERROR Horse: Name is blank
2024-08-26 00:46:13,581 ERROR Horse: Name is blank
2024-08-26 00:46:13,581 ERROR Horse: Name is blank
2024-08-26 00:46:13,581 DEBUG Horse: Создание Horse, имя [Name], скорость [200.0]
2024-08-26 00:46:13,660 DEBUG Horse: Создание Horse, имя [alex], скорость [50.0]
2024-08-26 00:46:13,707 DEBUG Horse: Создание Horse, имя [alex], скорость [50.0]
2024-08-26 00:46:13,707 DEBUG Horse: Создание Horse, имя [alex], скорость [50.0]
2024-08-26 00:46:13,707 DEBUG Horse: Создание Horse, имя [alex], скорость [50.0]
2024-08-26 00:46:13,723 DEBUG Horse: Создание Horse, имя [alex], скорость [50.0]
2024-08-26 00:46:13,723 DEBUG Horse: Создание Horse, имя [alex], скорость [50.0]
2024-08-26 00:46:13,723 DEBUG Horse: Создание Horse, имя [MockHorse], скорость [50.0]
2024-08-26 00:46:13,754 ERROR Horse: Name is blank
2024-08-26 00:46:13,754 ERROR Horse: Name is blank
2024-08-26 00:46:13,754 ERROR Horse: Name is blank
2024-08-26 00:46:13,754 ERROR Horse: Name is blank
2024-08-26 00:46:13,770 ERROR Horse: Name is blank
2024-08-26 00:46:13,770 ERROR Horse: Name is blank
2024-08-26 00:46:13,770 ERROR Horse: Speed is negative
2024-08-26 00:46:13,770 ERROR Horse: Name is null
2024-08-26 00:46:13,770 ERROR Horse: Name is null
2024-08-26 00:46:13,785 ERROR Horse: Distance is negative
2024-08-26 00:46:13,785 DEBUG Horse: Создание Horse, имя [Name], скорость [200.0]
